<?xml version="1.0" encoding="UTF-8"?>
<!-- Generated by org.testng.reporters.JUnitXMLReporter -->
<testsuite hostname="DESKTOP-EDG9KS6" ignored="0" name="Default test" tests="5" failures="0" timestamp="2023-03-16T19:01:07 IST" time="36.111" errors="0">
  <testcase name="LoginToApp" time="4.359" classname="testScripts.TestFile"/>
  <testcase name="additem" time="6.425" classname="testScripts.TestFile"/>
  <testcase name="additem" time="5.63" classname="testScripts.TestFile"/>
  <testcase name="cart" time="5.969" classname="testScripts.TestFile"/>
  <testcase name="purchase" time="2.137" classname="testScripts.TestFile"/>
</testsuite> <!-- Default test -->
