<?xml version="1.0" encoding="UTF-8"?>
<!-- Generated by org.testng.reporters.JUnitXMLReporter -->
<testsuite hostname="DESKTOP-EDG9KS6" ignored="0" name="Default test" tests="5" failures="0" timestamp="2023-03-16T12:08:52 IST" time="36.77" errors="0">
  <testcase name="LoginToApp" time="4.567" classname="testScripts.TestFile"/>
  <testcase name="additem" time="6.281" classname="testScripts.TestFile"/>
  <testcase name="additem" time="4.927" classname="testScripts.TestFile"/>
  <testcase name="cart" time="7.144" classname="testScripts.TestFile"/>
  <testcase name="del_cart" time="2.442" classname="testScripts.TestFile"/>
</testsuite> <!-- Default test -->
