<?xml version="1.0" encoding="UTF-8"?>
<testng-results skipped="0" failed="0" ignored="0" total="6" passed="6">
  <reporter-output>
  </reporter-output>
  <suite name="Default suite" duration-ms="60159" started-at="2023-03-14T20:56:46 IST" finished-at="2023-03-14T20:57:46 IST">
    <groups>
    </groups>
    <test name="Default test" duration-ms="60159" started-at="2023-03-14T20:56:46 IST" finished-at="2023-03-14T20:57:46 IST">
      <class name="testScripts.TestFile">
        <test-method status="PASS" signature="launch()[pri:0, instance:testScripts.TestFile@706a04ae]" name="launch" is-config="true" duration-ms="17529" started-at="2023-03-14T20:56:46 IST" finished-at="2023-03-14T20:57:03 IST">
          <reporter-output>
          </reporter-output>
        </test-method> <!-- launch -->
        <test-method status="PASS" signature="Reports()[pri:0, instance:testScripts.TestFile@706a04ae]" name="Reports" is-config="true" duration-ms="2335" started-at="2023-03-14T20:57:03 IST" finished-at="2023-03-14T20:57:06 IST">
          <reporter-output>
          </reporter-output>
        </test-method> <!-- Reports -->
        <test-method status="PASS" signature="LoginToApp()[pri:1, instance:testScripts.TestFile@706a04ae]" name="LoginToApp" duration-ms="5872" started-at="2023-03-14T20:57:06 IST" finished-at="2023-03-14T20:57:11 IST">
          <reporter-output>
          </reporter-output>
        </test-method> <!-- LoginToApp -->
        <test-method status="PASS" signature="close(org.testng.ITestResult)[pri:0, instance:testScripts.TestFile@706a04ae]" name="close" is-config="true" duration-ms="8" started-at="2023-03-14T20:57:11 IST" finished-at="2023-03-14T20:57:12 IST">
          <params>
            <param index="0">
              <value>
                <![CDATA[[TestResult name=LoginToApp status=SUCCESS method=TestFile.LoginToApp()[pri:1, instance:testScripts.TestFile@706a04ae] output={null}]]]>
              </value>
            </param>
          </params>
          <reporter-output>
          </reporter-output>
        </test-method> <!-- close -->
        <test-method status="PASS" signature="additem(java.lang.String,java.lang.String)[pri:2, instance:testScripts.TestFile@706a04ae]" name="additem" duration-ms="5104" started-at="2023-03-14T20:57:12 IST" data-provider="ProductDetails" finished-at="2023-03-14T20:57:17 IST">
          <params>
            <param index="0">
              <value>
                <![CDATA[Phones]]>
              </value>
            </param>
            <param index="1">
              <value>
                <![CDATA[Samsung galaxy s7]]>
              </value>
            </param>
          </params>
          <reporter-output>
          </reporter-output>
        </test-method> <!-- additem -->
        <test-method status="PASS" signature="close(org.testng.ITestResult)[pri:0, instance:testScripts.TestFile@706a04ae]" name="close" is-config="true" duration-ms="1" started-at="2023-03-14T20:57:17 IST" finished-at="2023-03-14T20:57:17 IST">
          <params>
            <param index="0">
              <value>
                <![CDATA[[TestResult name=additem status=SUCCESS method=TestFile.additem(java.lang.String,java.lang.String)[pri:2, instance:testScripts.TestFile@706a04ae] output={null}]]]>
              </value>
            </param>
          </params>
          <reporter-output>
          </reporter-output>
        </test-method> <!-- close -->
        <test-method status="PASS" signature="additem(java.lang.String,java.lang.String)[pri:2, instance:testScripts.TestFile@706a04ae]" name="additem" duration-ms="4825" started-at="2023-03-14T20:57:17 IST" data-provider="ProductDetails" finished-at="2023-03-14T20:57:22 IST">
          <params>
            <param index="0">
              <value>
                <![CDATA[Phones]]>
              </value>
            </param>
            <param index="1">
              <value>
                <![CDATA[Iphone 6 32gb]]>
              </value>
            </param>
          </params>
          <reporter-output>
          </reporter-output>
        </test-method> <!-- additem -->
        <test-method status="PASS" signature="close(org.testng.ITestResult)[pri:0, instance:testScripts.TestFile@706a04ae]" name="close" is-config="true" duration-ms="1" started-at="2023-03-14T20:57:22 IST" finished-at="2023-03-14T20:57:22 IST">
          <params>
            <param index="0">
              <value>
                <![CDATA[[TestResult name=additem status=SUCCESS method=TestFile.additem(java.lang.String,java.lang.String)[pri:2, instance:testScripts.TestFile@706a04ae] output={null}]]]>
              </value>
            </param>
          </params>
          <reporter-output>
          </reporter-output>
        </test-method> <!-- close -->
        <test-method status="PASS" signature="cart()[pri:3, instance:testScripts.TestFile@706a04ae]" name="cart" duration-ms="4467" started-at="2023-03-14T20:57:22 IST" finished-at="2023-03-14T20:57:26 IST">
          <reporter-output>
          </reporter-output>
        </test-method> <!-- cart -->
        <test-method status="PASS" signature="close(org.testng.ITestResult)[pri:0, instance:testScripts.TestFile@706a04ae]" name="close" is-config="true" duration-ms="0" started-at="2023-03-14T20:57:26 IST" finished-at="2023-03-14T20:57:26 IST">
          <params>
            <param index="0">
              <value>
                <![CDATA[[TestResult name=cart status=SUCCESS method=TestFile.cart()[pri:3, instance:testScripts.TestFile@706a04ae] output={null}]]]>
              </value>
            </param>
          </params>
          <reporter-output>
          </reporter-output>
        </test-method> <!-- close -->
        <test-method status="PASS" signature="del_cart()[pri:4, instance:testScripts.TestFile@706a04ae]" name="del_cart" duration-ms="8040" started-at="2023-03-14T20:57:26 IST" depends-on-methods="testScripts.TestFile.cart" finished-at="2023-03-14T20:57:34 IST">
          <reporter-output>
          </reporter-output>
        </test-method> <!-- del_cart -->
        <test-method status="PASS" signature="close(org.testng.ITestResult)[pri:0, instance:testScripts.TestFile@706a04ae]" name="close" is-config="true" duration-ms="1" started-at="2023-03-14T20:57:34 IST" finished-at="2023-03-14T20:57:34 IST">
          <params>
            <param index="0">
              <value>
                <![CDATA[[TestResult name=del_cart status=SUCCESS method=TestFile.del_cart()[pri:4, instance:testScripts.TestFile@706a04ae] output={null}]]]>
              </value>
            </param>
          </params>
          <reporter-output>
          </reporter-output>
        </test-method> <!-- close -->
        <test-method status="PASS" signature="finalise()[pri:5, instance:testScripts.TestFile@706a04ae]" name="finalise" duration-ms="7643" started-at="2023-03-14T20:57:34 IST" finished-at="2023-03-14T20:57:42 IST">
          <reporter-output>
          </reporter-output>
        </test-method> <!-- finalise -->
        <test-method status="PASS" signature="close(org.testng.ITestResult)[pri:0, instance:testScripts.TestFile@706a04ae]" name="close" is-config="true" duration-ms="1" started-at="2023-03-14T20:57:42 IST" finished-at="2023-03-14T20:57:42 IST">
          <params>
            <param index="0">
              <value>
                <![CDATA[[TestResult name=finalise status=SUCCESS method=TestFile.finalise()[pri:5, instance:testScripts.TestFile@706a04ae] output={null}]]]>
              </value>
            </param>
          </params>
          <reporter-output>
          </reporter-output>
        </test-method> <!-- close -->
        <test-method status="PASS" signature="close()[pri:0, instance:testScripts.TestFile@706a04ae]" name="close" is-config="true" duration-ms="3929" started-at="2023-03-14T20:57:42 IST" finished-at="2023-03-14T20:57:46 IST">
          <reporter-output>
          </reporter-output>
        </test-method> <!-- close -->
      </class> <!-- testScripts.TestFile -->
    </test> <!-- Default test -->
  </suite> <!-- Default suite -->
</testng-results>
