<?xml version="1.0" encoding="UTF-8"?>
<testng-results skipped="0" failed="0" ignored="0" total="5" passed="5">
  <reporter-output>
  </reporter-output>
  <suite name="Default suite" duration-ms="36770" started-at="2023-03-16T12:08:16 IST" finished-at="2023-03-16T12:08:52 IST">
    <groups>
    </groups>
    <test name="Default test" duration-ms="36770" started-at="2023-03-16T12:08:16 IST" finished-at="2023-03-16T12:08:52 IST">
      <class name="testScripts.TestFile">
        <test-method status="PASS" signature="launch()[pri:0, instance:testScripts.TestFile@706a04ae]" name="launch" is-config="true" duration-ms="8928" started-at="2023-03-16T12:08:16 IST" finished-at="2023-03-16T12:08:25 IST">
          <reporter-output>
          </reporter-output>
        </test-method> <!-- launch -->
        <test-method status="PASS" signature="Reports()[pri:0, instance:testScripts.TestFile@706a04ae]" name="Reports" is-config="true" duration-ms="908" started-at="2023-03-16T12:08:25 IST" finished-at="2023-03-16T12:08:26 IST">
          <reporter-output>
          </reporter-output>
        </test-method> <!-- Reports -->
        <test-method status="PASS" signature="LoginToApp()[pri:1, instance:testScripts.TestFile@706a04ae]" name="LoginToApp" duration-ms="4567" started-at="2023-03-16T12:08:26 IST" finished-at="2023-03-16T12:08:30 IST">
          <reporter-output>
          </reporter-output>
        </test-method> <!-- LoginToApp -->
        <test-method status="PASS" signature="close(org.testng.ITestResult)[pri:0, instance:testScripts.TestFile@706a04ae]" name="close" is-config="true" duration-ms="9" started-at="2023-03-16T12:08:30 IST" finished-at="2023-03-16T12:08:30 IST">
          <params>
            <param index="0">
              <value>
                <![CDATA[[TestResult name=LoginToApp status=SUCCESS method=TestFile.LoginToApp()[pri:1, instance:testScripts.TestFile@706a04ae] output={null}]]]>
              </value>
            </param>
          </params>
          <reporter-output>
          </reporter-output>
        </test-method> <!-- close -->
        <test-method status="PASS" signature="additem(java.lang.String,java.lang.String)[pri:2, instance:testScripts.TestFile@706a04ae]" name="additem" duration-ms="6281" started-at="2023-03-16T12:08:30 IST" data-provider="ProductDetails" finished-at="2023-03-16T12:08:37 IST">
          <params>
            <param index="0">
              <value>
                <![CDATA[Phones]]>
              </value>
            </param>
            <param index="1">
              <value>
                <![CDATA[Samsung galaxy s7]]>
              </value>
            </param>
          </params>
          <reporter-output>
          </reporter-output>
        </test-method> <!-- additem -->
        <test-method status="PASS" signature="close(org.testng.ITestResult)[pri:0, instance:testScripts.TestFile@706a04ae]" name="close" is-config="true" duration-ms="2" started-at="2023-03-16T12:08:37 IST" finished-at="2023-03-16T12:08:37 IST">
          <params>
            <param index="0">
              <value>
                <![CDATA[[TestResult name=additem status=SUCCESS method=TestFile.additem(java.lang.String,java.lang.String)[pri:2, instance:testScripts.TestFile@706a04ae] output={null}]]]>
              </value>
            </param>
          </params>
          <reporter-output>
          </reporter-output>
        </test-method> <!-- close -->
        <test-method status="PASS" signature="additem(java.lang.String,java.lang.String)[pri:2, instance:testScripts.TestFile@706a04ae]" name="additem" duration-ms="4927" started-at="2023-03-16T12:08:37 IST" data-provider="ProductDetails" finished-at="2023-03-16T12:08:41 IST">
          <params>
            <param index="0">
              <value>
                <![CDATA[Phones]]>
              </value>
            </param>
            <param index="1">
              <value>
                <![CDATA[Iphone 6 32gb]]>
              </value>
            </param>
          </params>
          <reporter-output>
          </reporter-output>
        </test-method> <!-- additem -->
        <test-method status="PASS" signature="close(org.testng.ITestResult)[pri:0, instance:testScripts.TestFile@706a04ae]" name="close" is-config="true" duration-ms="10" started-at="2023-03-16T12:08:41 IST" finished-at="2023-03-16T12:08:41 IST">
          <params>
            <param index="0">
              <value>
                <![CDATA[[TestResult name=additem status=SUCCESS method=TestFile.additem(java.lang.String,java.lang.String)[pri:2, instance:testScripts.TestFile@706a04ae] output={null}]]]>
              </value>
            </param>
          </params>
          <reporter-output>
          </reporter-output>
        </test-method> <!-- close -->
        <test-method status="PASS" signature="cart()[pri:3, instance:testScripts.TestFile@706a04ae]" name="cart" duration-ms="7144" started-at="2023-03-16T12:08:41 IST" finished-at="2023-03-16T12:08:49 IST">
          <reporter-output>
          </reporter-output>
        </test-method> <!-- cart -->
        <test-method status="PASS" signature="close(org.testng.ITestResult)[pri:0, instance:testScripts.TestFile@706a04ae]" name="close" is-config="true" duration-ms="3" started-at="2023-03-16T12:08:49 IST" finished-at="2023-03-16T12:08:49 IST">
          <params>
            <param index="0">
              <value>
                <![CDATA[[TestResult name=cart status=SUCCESS method=TestFile.cart()[pri:3, instance:testScripts.TestFile@706a04ae] output={null}]]]>
              </value>
            </param>
          </params>
          <reporter-output>
          </reporter-output>
        </test-method> <!-- close -->
        <test-method status="PASS" signature="del_cart()[pri:4, instance:testScripts.TestFile@706a04ae]" name="del_cart" duration-ms="2442" started-at="2023-03-16T12:08:49 IST" depends-on-methods="testScripts.TestFile.cart" finished-at="2023-03-16T12:08:51 IST">
          <reporter-output>
          </reporter-output>
        </test-method> <!-- del_cart -->
        <test-method status="PASS" signature="close(org.testng.ITestResult)[pri:0, instance:testScripts.TestFile@706a04ae]" name="close" is-config="true" duration-ms="1" started-at="2023-03-16T12:08:51 IST" finished-at="2023-03-16T12:08:51 IST">
          <params>
            <param index="0">
              <value>
                <![CDATA[[TestResult name=del_cart status=SUCCESS method=TestFile.del_cart()[pri:4, instance:testScripts.TestFile@706a04ae] output={null}]]]>
              </value>
            </param>
          </params>
          <reporter-output>
          </reporter-output>
        </test-method> <!-- close -->
        <test-method status="PASS" signature="close()[pri:0, instance:testScripts.TestFile@706a04ae]" name="close" is-config="true" duration-ms="1380" started-at="2023-03-16T12:08:51 IST" finished-at="2023-03-16T12:08:52 IST">
          <reporter-output>
          </reporter-output>
        </test-method> <!-- close -->
      </class> <!-- testScripts.TestFile -->
    </test> <!-- Default test -->
  </suite> <!-- Default suite -->
</testng-results>
